#
# There is insufficient memory for the Java Runtime Environment to continue.
# Native memory allocation (mmap) failed to map 268435456 bytes. Error detail: G1 virtual space
# Possible reasons:
#   The system is out of physical RAM or swap space
#   This process is running with CompressedOops enabled, and the Java Heap may be blocking the growth of the native heap
# Possible solutions:
#   Reduce memory load on the system
#   Increase physical memory or swap space
#   Check if swap backing store is full
#   Decrease Java heap size (-Xmx/-Xms)
#   Decrease number of Java threads
#   Decrease Java thread stack sizes (-Xss)
#   Set larger code cache with -XX:ReservedCodeCacheSize=
#   JVM is running with Zero Based Compressed Oops mode in which the Java heap is
#     placed in the first 32GB address space. The Java Heap base address is the
#     maximum limit for the native heap growth. Please use -XX:HeapBaseMinAddress
#     to set the Java Heap base and to place the Java Heap above 32GB virtual address.
# This output file may be truncated or incomplete.
#
#  Out of Memory Error (os_windows.cpp:3713), pid=13092, tid=15796
#
# JRE version:  (21.0.8+9) (build )
# Java VM: OpenJDK 64-Bit Server VM (21.0.8+9-LTS, mixed mode, sharing, tiered, compressed oops, compressed class ptrs, g1 gc, windows-amd64)
# No core dump will be written. Minidumps are not enabled by default on client versions of Windows
#

---------------  S U M M A R Y ------------

Command Line: c:\Users\HP\.vscode\extensions\open-liberty.liberty-dev-vscode-ext-25.0.8\jars\org.eclipse.lsp4jakarta.ls-0.2.3-jar-with-dependencies.jar

Host: Intel(R) Core(TM) i7-6500U CPU @ 2.50GHz, 4 cores, 15G,  Windows 11 , 64 bit Build 22000 (10.0.22000.2538)
Time: Wed Nov 12 23:19:25 2025 GMT elapsed time: 0.024692 seconds (0d 0h 0m 0s)

---------------  T H R E A D  ---------------

Current thread (0x000001eab1bef960):  JavaThread "Unknown thread" [_thread_in_vm, id=15796, stack(0x0000008922e00000,0x0000008922f00000) (1024K)]

Stack: [0x0000008922e00000,0x0000008922f00000]
Native frames: (J=compiled Java code, j=interpreted, Vv=VM code, C=native code)
V  [jvm.dll+0x6d2449]
V  [jvm.dll+0x8ae341]
V  [jvm.dll+0x8b08be]
V  [jvm.dll+0x8b0fa3]
V  [jvm.dll+0x280c96]
V  [jvm.dll+0x6cec15]
V  [jvm.dll+0x6c2c3a]
V  [jvm.dll+0x35867a]
V  [jvm.dll+0x360246]
V  [jvm.dll+0x3b1f9e]
V  [jvm.dll+0x3b2248]
V  [jvm.dll+0x32c8fc]
V  [jvm.dll+0x32d45b]
V  [jvm.dll+0x8775d9]
V  [jvm.dll+0x3bed71]
V  [jvm.dll+0x8605d3]
V  [jvm.dll+0x4530ee]
V  [jvm.dll+0x454d31]
C  [jli.dll+0x5278]
C  [ucrtbase.dll+0x26c0c]
C  [KERNEL32.DLL+0x153e0]
C  [ntdll.dll+0x485b]


---------------  P R O C E S S  ---------------

Threads class SMR info:
_java_thread_list=0x00007ffe551111c8, length=0, elements={
}

Java Threads: ( => current thread )
Total: 0

Other Threads:
  0x000001eab3f3ddd0 WorkerThread "GC Thread#0"                     [id=1616, stack(0x0000008922f00000,0x0000008923000000) (1024K)]
  0x000001eab3f4f3d0 ConcurrentGCThread "G1 Main Marker"            [id=3936, stack(0x0000008923000000,0x0000008923100000) (1024K)]
  0x000001eab3f50080 WorkerThread "G1 Conc#0"                       [id=18108, stack(0x0000008923100000,0x0000008923200000) (1024K)]

[error occurred during error reporting (printing all threads), id 0xc0000005, EXCEPTION_ACCESS_VIOLATION (0xc0000005) at pc=0x00007ffe5480f137]
VM state: not at safepoint (not fully initialized)

VM Mutex/Monitor currently owned by a thread:  ([mutex/lock_event])
[0x00007ffe55185558] Heap_lock - owner thread: 0x000001eab1bef960

Heap address: 0x0000000701e00000, size: 4066 MB, Compressed Oops mode: Zero based, Oop shift amount: 3

CDS archive(s) mapped at: [0x0000000000000000-0x0000000000000000-0x0000000000000000), size 0, SharedBaseAddress: 0x0000000800000000, ArchiveRelocationMode: 1.
Narrow klass base: 0x0000000000000000, Narrow klass shift: 0, Narrow klass range: 0x0

GC Precious Log:
 CardTable entry size: 512
 Card Set container configuration: InlinePtr #cards 4 size 8 Array Of Cards #cards 16 size 48 Howl #buckets 8 coarsen threshold 3686 Howl Bitmap #cards 512 size 80 coarsen threshold 460 Card regions per heap region 1 cards per card region 4096

Heap:
 garbage-first heap   total 0K, used 0K [0x0000000701e00000, 0x0000000800000000)
  region size 2048K, 0 young (0K), 0 survivors (0K)

[error occurred during error reporting (printing heap information), id 0xc0000005, EXCEPTION_ACCESS_VIOLATION (0xc0000005) at pc=0x00007ffe54bfbba9]
GC Heap History (0 events):
No events

Dll operation events (1 events):
Event: 0.015 Loaded shared library c:\Users\HP\.vscode\extensions\redhat.java-1.47.0-win32-x64\jre\21.0.8-win32-x86_64\bin\java.dll

Deoptimization events (0 events):
No events

Classes loaded (0 events):
No events

Classes unloaded (0 events):
No events

Classes redefined (0 events):
No events

Internal exceptions (0 events):
No events

ZGC Phase Switch (0 events):
No events

VM Operations (0 events):
No events

Memory protections (0 events):
No events

Nmethod flushes (0 events):
No events

Events (0 events):
No events


Dynamic libraries:
0x00007ff777400000 - 0x00007ff77740e000 	c:\Users\HP\.vscode\extensions\redhat.java-1.47.0-win32-x64\jre\21.0.8-win32-x86_64\bin\java.exe
0x00007ffee8640000 - 0x00007ffee8849000 	C:\Windows\SYSTEM32\ntdll.dll
0x00007ffee7dd0000 - 0x00007ffee7e8d000 	C:\Windows\System32\KERNEL32.DLL
0x00007ffee5c70000 - 0x00007ffee5ff4000 	C:\Windows\System32\KERNELBASE.dll
0x00007ffee6280000 - 0x00007ffee6391000 	C:\Windows\System32\ucrtbase.dll
0x00007ffedc7f0000 - 0x00007ffedc808000 	c:\Users\HP\.vscode\extensions\redhat.java-1.47.0-win32-x64\jre\21.0.8-win32-x86_64\bin\jli.dll
0x00007ffedc7a0000 - 0x00007ffedc7be000 	c:\Users\HP\.vscode\extensions\redhat.java-1.47.0-win32-x64\jre\21.0.8-win32-x86_64\bin\VCRUNTIME140.dll
0x00007ffee6b90000 - 0x00007ffee6d3d000 	C:\Windows\System32\USER32.dll
0x00007ffee63a0000 - 0x00007ffee63c6000 	C:\Windows\System32\win32u.dll
0x00007ffece050000 - 0x00007ffece2f5000 	C:\Windows\WinSxS\amd64_microsoft.windows.common-controls_6595b64144ccf1df_6.0.22000.120_none_9d947278b86cc467\COMCTL32.dll
0x00007ffee7750000 - 0x00007ffee777a000 	C:\Windows\System32\GDI32.dll
0x00007ffee7f50000 - 0x00007ffee7ff3000 	C:\Windows\System32\msvcrt.dll
0x00007ffee5ad0000 - 0x00007ffee5bee000 	C:\Windows\System32\gdi32full.dll
0x00007ffee6000000 - 0x00007ffee609d000 	C:\Windows\System32\msvcp_win.dll
0x00007ffee6500000 - 0x00007ffee6531000 	C:\Windows\System32\IMM32.DLL
0x00007ffed2420000 - 0x00007ffed242c000 	c:\Users\HP\.vscode\extensions\redhat.java-1.47.0-win32-x64\jre\21.0.8-win32-x86_64\bin\vcruntime140_1.dll
0x00007ffed2390000 - 0x00007ffed241d000 	c:\Users\HP\.vscode\extensions\redhat.java-1.47.0-win32-x64\jre\21.0.8-win32-x86_64\bin\msvcp140.dll
0x00007ffe544d0000 - 0x00007ffe55267000 	c:\Users\HP\.vscode\extensions\redhat.java-1.47.0-win32-x64\jre\21.0.8-win32-x86_64\bin\server\jvm.dll
0x00007ffee7ab0000 - 0x00007ffee7b5e000 	C:\Windows\System32\ADVAPI32.dll
0x00007ffee7eb0000 - 0x00007ffee7f4e000 	C:\Windows\System32\sechost.dll
0x00007ffee6a50000 - 0x00007ffee6b71000 	C:\Windows\System32\RPCRT4.dll
0x00007ffee6490000 - 0x00007ffee64ff000 	C:\Windows\System32\WS2_32.dll
0x00007ffee59a0000 - 0x00007ffee59ed000 	C:\Windows\SYSTEM32\POWRPROF.dll
0x00007ffedc050000 - 0x00007ffedc083000 	C:\Windows\SYSTEM32\WINMM.dll
0x00007ffed7e50000 - 0x00007ffed7e5a000 	C:\Windows\SYSTEM32\VERSION.dll
0x00007ffee5980000 - 0x00007ffee5993000 	C:\Windows\SYSTEM32\UMPDC.dll
0x00007ffee4b00000 - 0x00007ffee4b18000 	C:\Windows\SYSTEM32\kernel.appcore.dll
0x00007ffed1650000 - 0x00007ffed165a000 	c:\Users\HP\.vscode\extensions\redhat.java-1.47.0-win32-x64\jre\21.0.8-win32-x86_64\bin\jimage.dll
0x00007ffedd740000 - 0x00007ffedd961000 	C:\Windows\SYSTEM32\DBGHELP.DLL
0x00007ffec69a0000 - 0x00007ffec69d1000 	C:\Windows\SYSTEM32\dbgcore.DLL
0x00007ffee5bf0000 - 0x00007ffee5c6f000 	C:\Windows\System32\bcryptPrimitives.dll
0x00007ffec9f30000 - 0x00007ffec9f4f000 	c:\Users\HP\.vscode\extensions\redhat.java-1.47.0-win32-x64\jre\21.0.8-win32-x86_64\bin\java.dll

JVMTI agents: none

dbghelp: loaded successfully - version: 4.0.5 - missing functions: none
symbol engine: initialized successfully - sym options: 0x614 - pdb path: .;c:\Users\HP\.vscode\extensions\redhat.java-1.47.0-win32-x64\jre\21.0.8-win32-x86_64\bin;C:\Windows\SYSTEM32;C:\Windows\WinSxS\amd64_microsoft.windows.common-controls_6595b64144ccf1df_6.0.22000.120_none_9d947278b86cc467;c:\Users\HP\.vscode\extensions\redhat.java-1.47.0-win32-x64\jre\21.0.8-win32-x86_64\bin\server

VM Arguments:
java_command: c:\Users\HP\.vscode\extensions\open-liberty.liberty-dev-vscode-ext-25.0.8\jars\org.eclipse.lsp4jakarta.ls-0.2.3-jar-with-dependencies.jar
java_class_path (initial): c:\Users\HP\.vscode\extensions\open-liberty.liberty-dev-vscode-ext-25.0.8\jars\org.eclipse.lsp4jakarta.ls-0.2.3-jar-with-dependencies.jar
Launcher Type: SUN_STANDARD

[Global flags]
     intx CICompilerCount                          = 3                                         {product} {ergonomic}
     uint ConcGCThreads                            = 1                                         {product} {ergonomic}
     uint G1ConcRefinementThreads                  = 4                                         {product} {ergonomic}
   size_t G1HeapRegionSize                         = 2097152                                   {product} {ergonomic}
    uintx GCDrainStackTargetSize                   = 64                                        {product} {ergonomic}
   size_t InitialHeapSize                          = 268435456                                 {product} {ergonomic}
   size_t MarkStackSize                            = 4194304                                   {product} {ergonomic}
   size_t MaxHeapSize                              = 4263510016                                {product} {ergonomic}
   size_t MinHeapDeltaBytes                        = 2097152                                   {product} {ergonomic}
   size_t MinHeapSize                              = 8388608                                   {product} {ergonomic}
    uintx NonNMethodCodeHeapSize                   = 5832780                                {pd product} {ergonomic}
    uintx NonProfiledCodeHeapSize                  = 122912730                              {pd product} {ergonomic}
    uintx ProfiledCodeHeapSize                     = 122912730                              {pd product} {ergonomic}
    uintx ReservedCodeCacheSize                    = 251658240                              {pd product} {ergonomic}
     bool SegmentedCodeCache                       = true                                      {product} {ergonomic}
   size_t SoftMaxHeapSize                          = 4263510016                             {manageable} {ergonomic}
     bool UseCompressedOops                        = true                           {product lp64_product} {ergonomic}
     bool UseG1GC                                  = true                                      {product} {ergonomic}
     bool UseLargePagesIndividualAllocation        = false                                  {pd product} {ergonomic}

Logging:
Log output configuration:
 #0: stdout all=warning uptime,level,tags foldmultilines=false
 #1: stderr all=off uptime,level,tags foldmultilines=false

Environment Variables:
PATH=C:\Program Files\Java\jdk-17;C:\Users\HP\Downloads\php-8.2.28;C:\app\HP\product\11.2.0\dbhome_2\bin;C:\Program Files\Common Files\Oracle\Java\javapath;C:\Windows\system32;C:\Windows;C:\Windows\System32\Wbem;C:\Windows\System32\WindowsPowerShell\v1.0\;C:\Windows\System32\OpenSSH\;C:\Program Files\Microsoft SQL Server\150\Tools\Binn\;C:\Program Files\Microsoft SQL Server\Client SDK\ODBC\170\Tools\Binn\;C:\Program Files\dotnet\;C:\Program Files (x86)\Microsoft SQL Server\160\Tools\Binn\;C:\Program Files\Microsoft SQL Server\160\Tools\Binn\;C:\Program Files\Microsoft SQL Server\160\DTS\Binn\;C:\Program Files (x86)\Microsoft SQL Server\160\DTS\Binn\;C:\Program Files\Azure Data Studio\bin;C:\Program Files\Docker\Docker\resources\bin;C:\xampp\php;C:\ProgramData\ComposerSetup\bin;C:\Program Files\Git\cmd;C:\laragon\bin\php\php-8.2.29-nts-Win32-vs16-x64;C:\Users\HP\AppData\Local\Programs\Python\Python313\;C:\flutte\flutter\bin;C:\Program Files\Git\bin;C:\Users\HP\.console-ninja\.bin;C:\Users\HP\AppData\Local\Microsoft\WindowsApps;C:\Users\HP\AppData\Local\Programs\Microsoft VS Code\bin;C:\Program Files\JetBrains\IntelliJ IDEA Community Edition 2024.3.1.1\bin;C:\Users\HP\.dotnet\tools;C:\Program Files\Azure Data Studio\bin;C:\Users\HP\AppData\Roaming\Composer\vendor\bin;C:\Program Files\JetBrains\IntelliJ IDEA Community Edition 2024.3.4.1\bin;;C:\Program Files\JetBrains\PhpStorm 2024.3.5\bin;;C:\Program Files\nodejs;C:\Users\HP\AppData\Local\Pub\Cache\bin;C:\Program Files\JetBrains\IntelliJ IDEA 2025.1.3\bin;;C:\Users\HP\AppData\Roaming\npm;C:\Users\HP\AppData\Local\Programs\cursor\resources\app\bin;
USERNAME=HP
OS=Windows_NT
PROCESSOR_IDENTIFIER=Intel64 Family 6 Model 78 Stepping 3, GenuineIntel
TMP=C:\Users\HP\AppData\Local\Temp
TEMP=C:\Users\HP\AppData\Local\Temp




Periodic native trim disabled

---------------  S Y S T E M  ---------------

OS:
 Windows 11 , 64 bit Build 22000 (10.0.22000.2538)
OS uptime: 0 days 5:32 hours
Hyper-V role detected

CPU: total 4 (initial active 4) (2 cores per cpu, 2 threads per core) family 6 model 78 stepping 3 microcode 0xf0, cx8, cmov, fxsr, ht, mmx, 3dnowpref, sse, sse2, sse3, ssse3, sse4.1, sse4.2, popcnt, lzcnt, tsc, tscinvbit, avx, avx2, aes, erms, clmul, bmi1, bmi2, adx, fma, vzeroupper, clflush, clflushopt, hv, rdtscp, f16c
Processor Information for processor 0
  Max Mhz: 2592, Current Mhz: 1495, Mhz Limit: 2488
Processor Information for processor 1
  Max Mhz: 2592, Current Mhz: 1495, Mhz Limit: 2488
Processor Information for processor 2
  Max Mhz: 2592, Current Mhz: 2492, Mhz Limit: 2488
Processor Information for processor 3
  Max Mhz: 2592, Current Mhz: 2492, Mhz Limit: 2488

Memory: 4k page, system-wide physical 16263M (2884M free)
TotalPageFile size 20344M (AvailPageFile size 160M)
current process WorkingSet (physical memory assigned to process): 10M, peak: 10M
current process commit charge ("private bytes"): 51M, peak: 307M

vm_info: OpenJDK 64-Bit Server VM (21.0.8+9-LTS) for windows-amd64 JRE (21.0.8+9-LTS), built on 2025-07-15T00:00:00Z by "admin" with MS VC++ 17.7 (VS2022)

END.
